<?xml version="1.0" encoding="UTF-8"?>
<!-- Generated by org.testng.reporters.JUnitReportReporter -->
<testsuite hostname="LAPTOP-TEEM3UCU" failures="0" tests="2" name="pack123.ApplicationHeader" time="22.903" errors="0" timestamp="2022-03-27T11:48:04 IST" skipped="0">
  <testcase classname="pack123.ApplicationHeader" name="verifyUserTab" time="11.351"/>
  <system-out/>
  <testcase classname="pack123.ApplicationHeader" name="verifyReportButton" time="11.552"/>
  <system-out/>
</testsuite> <!-- pack123.ApplicationHeader -->
