<?xml version="1.0" encoding="UTF-8"?>
<!-- Generated by org.testng.reporters.JUnitReportReporter -->
<testsuite hostname="LAPTOP-TEEM3UCU" failures="0" tests="2" name="pack123.TestClass123" time="22.747" errors="0" timestamp="2022-03-26T17:13:55 IST" skipped="0">
  <testcase classname="pack123.TestClass123" name="verifyUserTab" time="11.522"/>
  <system-out/>
  <testcase classname="pack123.TestClass123" name="verifyReportButton" time="11.225"/>
  <system-out/>
</testsuite> <!-- pack123.TestClass123 -->
