<?xml version="1.0" encoding="UTF-8"?>
<!-- Generated by org.testng.reporters.JUnitReportReporter -->
<testsuite hostname="LAPTOP-TEEM3UCU" failures="0" tests="1" name="pack123.TestClass1234" time="0.001" errors="0" timestamp="2022-03-27T11:48:04 IST" skipped="0">
  <testcase classname="pack123.TestClass1234" name="test" time="0.001"/>
  <system-out/>
</testsuite> <!-- pack123.TestClass1234 -->
